mode: set
startup-platform/internal/handlers/admin.go:12.75,14.21 2 0
startup-platform/internal/handlers/admin.go:14.21,17.3 2 0
startup-platform/internal/handlers/admin.go:19.2,35.21 14 0
startup-platform/internal/handlers/admin.go:35.21,36.23 1 0
startup-platform/internal/handlers/admin.go:36.23,40.4 3 0
startup-platform/internal/handlers/admin.go:41.3,41.19 1 0
startup-platform/internal/handlers/admin.go:44.2,51.26 3 0
startup-platform/internal/handlers/admin.go:51.26,52.28 1 0
startup-platform/internal/handlers/admin.go:52.28,57.4 3 0
startup-platform/internal/handlers/admin.go:58.3,58.24 1 0
startup-platform/internal/handlers/admin.go:61.2,79.23 4 0
startup-platform/internal/handlers/admin.go:79.23,80.25 1 0
startup-platform/internal/handlers/admin.go:80.25,84.4 3 0
startup-platform/internal/handlers/admin.go:85.3,85.21 1 0
startup-platform/internal/handlers/admin.go:88.2,101.21 4 0
startup-platform/internal/handlers/admin.go:101.21,102.23 1 0
startup-platform/internal/handlers/admin.go:102.23,107.4 4 0
startup-platform/internal/handlers/admin.go:108.3,108.19 1 0
startup-platform/internal/handlers/admin.go:111.2,124.41 4 0
startup-platform/internal/handlers/admin.go:127.80,135.2 6 0
startup-platform/internal/handlers/admin.go:137.81,144.26 6 0
startup-platform/internal/handlers/admin.go:144.26,147.3 2 0
startup-platform/internal/handlers/admin.go:149.2,150.74 2 0
startup-platform/internal/handlers/admin.go:153.80,162.2 7 0
startup-platform/internal/handlers/admin.go:164.80,171.26 6 0
startup-platform/internal/handlers/admin.go:171.26,177.3 5 0
startup-platform/internal/handlers/admin.go:177.8,182.3 4 0
startup-platform/internal/handlers/admin.go:184.2,184.74 1 0
startup-platform/internal/handlers/admin.go:187.79,193.2 5 0
startup-platform/internal/handlers/admin.go:195.81,202.2 5 0
startup-platform/internal/handlers/admin.go:204.74,206.16 2 0
startup-platform/internal/handlers/admin.go:206.16,209.3 2 0
startup-platform/internal/handlers/admin.go:211.2,215.40 2 0
startup-platform/internal/handlers/admin.go:218.83,227.17 4 0
startup-platform/internal/handlers/admin.go:227.17,228.19 1 0
startup-platform/internal/handlers/admin.go:228.19,232.4 3 0
startup-platform/internal/handlers/admin.go:233.3,233.15 1 0
startup-platform/internal/handlers/admin.go:236.2,245.49 4 0
startup-platform/internal/handlers/auth.go:11.78,13.2 1 0
startup-platform/internal/handlers/auth.go:15.75,17.2 1 0
startup-platform/internal/handlers/auth.go:19.74,20.38 1 1
startup-platform/internal/handlers/auth.go:20.38,23.3 2 0
startup-platform/internal/handlers/auth.go:25.2,31.53 6 1
startup-platform/internal/handlers/auth.go:31.53,34.3 2 1
startup-platform/internal/handlers/auth.go:36.2,36.23 1 0
startup-platform/internal/handlers/auth.go:36.23,39.3 2 0
startup-platform/internal/handlers/auth.go:41.2,41.68 1 0
startup-platform/internal/handlers/auth.go:41.68,44.3 2 0
startup-platform/internal/handlers/auth.go:46.2,48.16 3 0
startup-platform/internal/handlers/auth.go:48.16,51.3 2 0
startup-platform/internal/handlers/auth.go:52.2,52.12 1 0
startup-platform/internal/handlers/auth.go:52.12,55.3 2 0
startup-platform/internal/handlers/auth.go:57.2,58.16 2 0
startup-platform/internal/handlers/auth.go:58.16,61.3 2 0
startup-platform/internal/handlers/auth.go:62.2,62.12 1 0
startup-platform/internal/handlers/auth.go:62.12,65.3 2 0
startup-platform/internal/handlers/auth.go:67.2,75.16 4 0
startup-platform/internal/handlers/auth.go:75.16,78.3 2 0
startup-platform/internal/handlers/auth.go:80.2,81.16 2 0
startup-platform/internal/handlers/auth.go:81.16,84.3 2 0
startup-platform/internal/handlers/auth.go:86.2,98.4 2 0
startup-platform/internal/handlers/auth.go:101.71,102.38 1 1
startup-platform/internal/handlers/auth.go:102.38,105.3 2 0
startup-platform/internal/handlers/auth.go:107.2,110.35 3 1
startup-platform/internal/handlers/auth.go:110.35,113.3 2 1
startup-platform/internal/handlers/auth.go:115.2,124.16 6 0
startup-platform/internal/handlers/auth.go:124.16,127.3 2 0
startup-platform/internal/handlers/auth.go:129.2,129.15 1 0
startup-platform/internal/handlers/auth.go:129.15,132.3 2 0
startup-platform/internal/handlers/auth.go:134.2,135.16 2 0
startup-platform/internal/handlers/auth.go:135.16,138.3 2 0
startup-platform/internal/handlers/auth.go:140.2,152.4 2 0
startup-platform/internal/handlers/auth.go:155.72,165.2 2 0
startup-platform/internal/handlers/chat.go:11.74,43.16 5 0
startup-platform/internal/handlers/chat.go:43.16,44.19 1 0
startup-platform/internal/handlers/chat.go:44.19,53.4 8 0
startup-platform/internal/handlers/chat.go:54.3,54.15 1 0
startup-platform/internal/handlers/chat.go:57.2,57.21 1 0
startup-platform/internal/handlers/chat.go:57.21,64.18 2 0
startup-platform/internal/handlers/chat.go:64.18,65.21 1 0
startup-platform/internal/handlers/chat.go:65.21,75.5 9 0
startup-platform/internal/handlers/chat.go:76.4,76.17 1 0
startup-platform/internal/handlers/chat.go:80.2,89.40 4 0
startup-platform/internal/handlers/chat.go:92.74,96.16 4 0
startup-platform/internal/handlers/chat.go:96.16,99.3 2 0
startup-platform/internal/handlers/chat.go:101.2,113.16 4 0
startup-platform/internal/handlers/chat.go:113.16,114.19 1 0
startup-platform/internal/handlers/chat.go:114.19,119.4 3 0
startup-platform/internal/handlers/chat.go:120.3,120.15 1 0
startup-platform/internal/handlers/chat.go:123.2,138.45 6 0
startup-platform/internal/handlers/chat.go:141.77,147.16 5 0
startup-platform/internal/handlers/chat.go:147.16,150.3 2 0
startup-platform/internal/handlers/chat.go:152.2,153.19 2 0
startup-platform/internal/handlers/chat.go:153.19,156.3 2 0
startup-platform/internal/handlers/chat.go:158.2,160.13 3 0
startup-platform/internal/handlers/chat.go:160.13,163.3 2 0
startup-platform/internal/handlers/chat.go:165.2,177.74 5 0
startup-platform/internal/handlers/chat.go:180.77,184.16 4 0
startup-platform/internal/handlers/chat.go:184.16,187.3 2 0
startup-platform/internal/handlers/chat.go:189.2,201.16 4 0
startup-platform/internal/handlers/chat.go:201.16,202.19 1 0
startup-platform/internal/handlers/chat.go:202.19,207.4 3 0
startup-platform/internal/handlers/chat.go:208.3,208.15 1 0
startup-platform/internal/handlers/chat.go:211.2,211.43 1 0
startup-platform/internal/handlers/chat.go:214.82,223.16 4 0
startup-platform/internal/handlers/chat.go:223.16,224.19 1 0
startup-platform/internal/handlers/chat.go:224.19,228.4 3 0
startup-platform/internal/handlers/chat.go:229.3,229.15 1 0
startup-platform/internal/handlers/chat.go:232.2,233.34 2 0
startup-platform/internal/handlers/chat.go:233.34,234.16 1 0
startup-platform/internal/handlers/chat.go:234.16,236.4 1 0
startup-platform/internal/handlers/chat.go:238.2,238.113 1 0
startup-platform/internal/handlers/chat.go:241.86,246.16 5 0
startup-platform/internal/handlers/chat.go:246.16,249.3 2 0
startup-platform/internal/handlers/chat.go:251.2,252.74 2 0
startup-platform/internal/handlers/chat.go:255.90,259.2 3 0
startup-platform/internal/handlers/comments.go:9.76,15.16 5 0
startup-platform/internal/handlers/comments.go:15.16,18.3 2 0
startup-platform/internal/handlers/comments.go:20.2,21.19 2 0
startup-platform/internal/handlers/comments.go:21.19,24.3 2 0
startup-platform/internal/handlers/comments.go:26.2,28.17 3 0
startup-platform/internal/handlers/comments.go:28.17,31.3 2 0
startup-platform/internal/handlers/comments.go:33.2,35.23 3 0
startup-platform/internal/handlers/comments.go:35.23,37.17 2 0
startup-platform/internal/handlers/comments.go:37.17,39.4 1 0
startup-platform/internal/handlers/comments.go:42.2,47.16 3 0
startup-platform/internal/handlers/comments.go:47.16,50.3 2 0
startup-platform/internal/handlers/comments.go:52.2,54.28 3 0
startup-platform/internal/handlers/comments.go:54.28,61.3 3 0
startup-platform/internal/handlers/comments.go:63.2,63.99 1 0
startup-platform/internal/handlers/comments.go:66.79,71.16 5 0
startup-platform/internal/handlers/comments.go:71.16,74.3 2 0
startup-platform/internal/handlers/comments.go:76.2,82.69 5 0
startup-platform/internal/handlers/comments.go:82.69,85.3 2 0
startup-platform/internal/handlers/comments.go:87.2,88.74 2 0
startup-platform/internal/handlers/comments.go:91.77,96.16 5 0
startup-platform/internal/handlers/comments.go:96.16,99.3 2 0
startup-platform/internal/handlers/comments.go:101.2,104.12 3 0
startup-platform/internal/handlers/comments.go:104.12,107.3 2 0
startup-platform/internal/handlers/comments.go:107.8,110.3 2 0
startup-platform/internal/handlers/comments.go:112.2,119.4 3 0
startup-platform/internal/handlers/comments.go:122.70,128.16 5 0
startup-platform/internal/handlers/comments.go:128.16,131.3 2 0
startup-platform/internal/handlers/comments.go:133.2,135.43 3 0
startup-platform/internal/handlers/comments.go:135.43,138.3 2 0
startup-platform/internal/handlers/comments.go:140.2,145.16 5 0
startup-platform/internal/handlers/comments.go:145.16,148.3 1 0
startup-platform/internal/handlers/comments.go:148.8,153.3 1 0
startup-platform/internal/handlers/comments.go:155.2,157.28 3 0
startup-platform/internal/handlers/comments.go:157.28,164.3 3 0
startup-platform/internal/handlers/comments.go:166.2,166.74 1 0
startup-platform/internal/handlers/comments.go:169.74,175.16 5 0
startup-platform/internal/handlers/comments.go:175.16,178.3 2 0
startup-platform/internal/handlers/comments.go:180.2,182.16 3 0
startup-platform/internal/handlers/comments.go:182.16,185.3 2 0
startup-platform/internal/handlers/comments.go:187.2,189.12 3 0
startup-platform/internal/handlers/comments.go:189.12,192.3 2 0
startup-platform/internal/handlers/comments.go:194.2,197.74 3 0
startup-platform/internal/handlers/handler.go:24.76,26.42 1 1
startup-platform/internal/handlers/handler.go:26.42,28.4 1 0
startup-platform/internal/handlers/handler.go:29.44,30.27 1 0
startup-platform/internal/handlers/handler.go:30.27,32.5 1 0
startup-platform/internal/handlers/handler.go:33.4,33.40 1 0
startup-platform/internal/handlers/handler.go:35.29,37.4 1 0
startup-platform/internal/handlers/handler.go:38.29,40.4 1 0
startup-platform/internal/handlers/handler.go:41.28,43.21 2 0
startup-platform/internal/handlers/handler.go:43.21,45.5 1 0
startup-platform/internal/handlers/handler.go:46.4,46.12 1 0
startup-platform/internal/handlers/handler.go:48.62,50.42 2 0
startup-platform/internal/handlers/handler.go:50.42,52.11 2 0
startup-platform/internal/handlers/handler.go:52.11,54.6 1 0
startup-platform/internal/handlers/handler.go:56.4,56.12 1 0
startup-platform/internal/handlers/handler.go:58.35,60.4 1 0
startup-platform/internal/handlers/handler.go:61.35,63.4 1 0
startup-platform/internal/handlers/handler.go:64.35,66.4 1 0
startup-platform/internal/handlers/handler.go:67.43,70.4 2 0
startup-platform/internal/handlers/handler.go:71.40,74.4 2 0
startup-platform/internal/handlers/handler.go:75.41,76.15 1 0
startup-platform/internal/handlers/handler.go:76.15,78.5 1 0
startup-platform/internal/handlers/handler.go:79.4,79.32 1 0
startup-platform/internal/handlers/handler.go:81.40,83.4 1 0
startup-platform/internal/handlers/handler.go:84.37,86.4 1 0
startup-platform/internal/handlers/handler.go:87.37,89.4 1 0
startup-platform/internal/handlers/handler.go:90.29,92.4 1 0
startup-platform/internal/handlers/handler.go:93.41,94.19 1 0
startup-platform/internal/handlers/handler.go:94.19,96.5 1 0
startup-platform/internal/handlers/handler.go:97.4,97.24 1 0
startup-platform/internal/handlers/handler.go:97.24,99.16 2 0
startup-platform/internal/handlers/handler.go:99.16,101.6 1 0
startup-platform/internal/handlers/handler.go:102.5,102.65 1 0
startup-platform/internal/handlers/handler.go:104.4,105.15 2 0
startup-platform/internal/handlers/handler.go:105.15,107.5 1 0
startup-platform/internal/handlers/handler.go:108.4,108.64 1 0
startup-platform/internal/handlers/handler.go:112.2,120.3 3 1
startup-platform/internal/handlers/handler.go:123.43,127.2 3 0
startup-platform/internal/handlers/handler.go:129.84,133.2 3 1
startup-platform/internal/handlers/handler.go:135.83,137.2 1 1
startup-platform/internal/handlers/handler.go:139.88,141.67 2 0
startup-platform/internal/handlers/handler.go:141.67,143.3 1 0
startup-platform/internal/handlers/handler.go:146.65,150.2 3 0
startup-platform/internal/handlers/posts.go:16.74,22.14 6 0
startup-platform/internal/handlers/posts.go:22.14,24.3 1 0
startup-platform/internal/handlers/posts.go:25.2,42.20 6 0
startup-platform/internal/handlers/posts.go:42.20,46.3 3 0
startup-platform/internal/handlers/posts.go:48.2,48.18 1 0
startup-platform/internal/handlers/posts.go:48.18,53.3 4 0
startup-platform/internal/handlers/posts.go:55.2,57.14 2 0
startup-platform/internal/handlers/posts.go:58.16,59.58 1 0
startup-platform/internal/handlers/posts.go:60.15,61.60 1 0
startup-platform/internal/handlers/posts.go:62.13,63.40 1 0
startup-platform/internal/handlers/posts.go:64.10,65.78 1 0
startup-platform/internal/handlers/posts.go:68.2,72.16 4 0
startup-platform/internal/handlers/posts.go:72.16,77.3 2 0
startup-platform/internal/handlers/posts.go:78.2,81.18 3 0
startup-platform/internal/handlers/posts.go:81.18,89.17 4 0
startup-platform/internal/handlers/posts.go:89.17,90.12 1 0
startup-platform/internal/handlers/posts.go:92.3,95.17 3 0
startup-platform/internal/handlers/posts.go:95.17,96.24 1 0
startup-platform/internal/handlers/posts.go:96.24,100.5 3 0
startup-platform/internal/handlers/posts.go:101.4,101.20 1 0
startup-platform/internal/handlers/posts.go:104.3,104.27 1 0
startup-platform/internal/handlers/posts.go:107.2,108.20 2 0
startup-platform/internal/handlers/posts.go:108.20,110.3 1 0
startup-platform/internal/handlers/posts.go:110.8,112.3 1 0
startup-platform/internal/handlers/posts.go:113.2,118.16 4 0
startup-platform/internal/handlers/posts.go:118.16,120.3 1 0
startup-platform/internal/handlers/posts.go:122.2,135.40 2 0
startup-platform/internal/handlers/posts.go:138.80,148.2 4 0
startup-platform/internal/handlers/posts.go:150.76,154.42 3 0
startup-platform/internal/handlers/posts.go:154.42,156.3 1 0
startup-platform/internal/handlers/posts.go:157.2,164.38 6 0
startup-platform/internal/handlers/posts.go:164.38,167.3 2 0
startup-platform/internal/handlers/posts.go:169.2,177.16 4 0
startup-platform/internal/handlers/posts.go:177.16,180.3 2 0
startup-platform/internal/handlers/posts.go:182.2,183.35 2 0
startup-platform/internal/handlers/posts.go:183.35,184.32 1 0
startup-platform/internal/handlers/posts.go:184.32,185.12 1 0
startup-platform/internal/handlers/posts.go:188.3,189.17 2 0
startup-platform/internal/handlers/posts.go:189.17,190.12 1 0
startup-platform/internal/handlers/posts.go:193.3,198.17 5 0
startup-platform/internal/handlers/posts.go:198.17,200.12 2 0
startup-platform/internal/handlers/posts.go:203.3,212.4 5 0
startup-platform/internal/handlers/posts.go:215.2,216.24 2 0
startup-platform/internal/handlers/posts.go:216.24,222.17 3 0
startup-platform/internal/handlers/posts.go:222.17,223.29 1 0
startup-platform/internal/handlers/posts.go:223.29,225.22 2 0
startup-platform/internal/handlers/posts.go:225.22,227.6 1 0
startup-platform/internal/handlers/posts.go:232.2,235.4 1 0
startup-platform/internal/handlers/posts.go:238.74,242.16 4 0
startup-platform/internal/handlers/posts.go:242.16,245.3 2 0
startup-platform/internal/handlers/posts.go:247.2,262.16 5 0
startup-platform/internal/handlers/posts.go:262.16,265.3 2 0
startup-platform/internal/handlers/posts.go:266.2,269.21 3 0
startup-platform/internal/handlers/posts.go:269.21,270.23 1 0
startup-platform/internal/handlers/posts.go:270.23,274.4 3 0
startup-platform/internal/handlers/posts.go:275.3,275.19 1 0
startup-platform/internal/handlers/posts.go:278.2,296.24 8 0
startup-platform/internal/handlers/posts.go:296.24,297.26 1 0
startup-platform/internal/handlers/posts.go:297.26,302.18 3 0
startup-platform/internal/handlers/posts.go:302.18,306.5 3 0
startup-platform/internal/handlers/posts.go:308.4,308.40 1 0
startup-platform/internal/handlers/posts.go:310.3,310.22 1 0
startup-platform/internal/handlers/posts.go:313.2,315.29 3 0
startup-platform/internal/handlers/posts.go:315.29,317.3 1 0
startup-platform/internal/handlers/posts.go:318.2,318.29 1 0
startup-platform/internal/handlers/posts.go:318.29,319.37 1 0
startup-platform/internal/handlers/posts.go:319.37,321.4 1 0
startup-platform/internal/handlers/posts.go:321.9,323.10 2 0
startup-platform/internal/handlers/posts.go:323.10,325.5 1 0
startup-platform/internal/handlers/posts.go:329.2,330.16 2 0
startup-platform/internal/handlers/posts.go:330.16,336.17 3 0
startup-platform/internal/handlers/posts.go:336.17,338.4 1 0
startup-platform/internal/handlers/posts.go:341.2,348.23 3 0
startup-platform/internal/handlers/posts.go:348.23,349.25 1 0
startup-platform/internal/handlers/posts.go:349.25,366.4 7 0
startup-platform/internal/handlers/posts.go:367.3,367.21 1 0
startup-platform/internal/handlers/posts.go:370.2,373.16 4 0
startup-platform/internal/handlers/posts.go:373.16,375.21 2 0
startup-platform/internal/handlers/posts.go:375.21,376.23 1 0
startup-platform/internal/handlers/posts.go:376.23,380.5 3 0
startup-platform/internal/handlers/posts.go:381.4,381.19 1 0
startup-platform/internal/handlers/posts.go:383.3,383.17 1 0
startup-platform/internal/handlers/posts.go:383.17,387.4 3 0
startup-platform/internal/handlers/posts.go:388.3,388.18 1 0
startup-platform/internal/handlers/posts.go:391.2,396.21 3 0
startup-platform/internal/handlers/posts.go:396.21,397.23 1 0
startup-platform/internal/handlers/posts.go:397.23,401.4 3 0
startup-platform/internal/handlers/posts.go:402.3,402.19 1 0
startup-platform/internal/handlers/posts.go:405.2,406.16 2 0
startup-platform/internal/handlers/posts.go:406.16,408.3 1 0
startup-platform/internal/handlers/posts.go:410.2,423.40 2 0
startup-platform/internal/handlers/posts.go:426.78,430.16 4 0
startup-platform/internal/handlers/posts.go:430.16,433.3 2 0
startup-platform/internal/handlers/posts.go:435.2,440.16 3 0
startup-platform/internal/handlers/posts.go:440.16,443.3 2 0
startup-platform/internal/handlers/posts.go:445.2,445.45 1 0
startup-platform/internal/handlers/posts.go:445.45,448.3 2 0
startup-platform/internal/handlers/posts.go:450.2,458.45 3 0
startup-platform/internal/handlers/posts.go:461.76,466.16 5 0
startup-platform/internal/handlers/posts.go:466.16,469.3 2 0
startup-platform/internal/handlers/posts.go:471.2,473.43 3 0
startup-platform/internal/handlers/posts.go:473.43,476.3 2 0
startup-platform/internal/handlers/posts.go:478.2,479.42 2 0
startup-platform/internal/handlers/posts.go:479.42,481.3 1 0
startup-platform/internal/handlers/posts.go:482.2,490.38 7 0
startup-platform/internal/handlers/posts.go:490.38,493.3 2 0
startup-platform/internal/handlers/posts.go:495.2,500.68 2 0
startup-platform/internal/handlers/posts.go:500.68,502.36 2 0
startup-platform/internal/handlers/posts.go:502.36,503.33 1 0
startup-platform/internal/handlers/posts.go:503.33,504.13 1 0
startup-platform/internal/handlers/posts.go:506.4,507.18 2 0
startup-platform/internal/handlers/posts.go:507.18,508.13 1 0
startup-platform/internal/handlers/posts.go:510.4,514.18 5 0
startup-platform/internal/handlers/posts.go:514.18,516.13 2 0
startup-platform/internal/handlers/posts.go:518.4,525.5 5 0
startup-platform/internal/handlers/posts.go:529.2,532.4 1 0
startup-platform/internal/handlers/posts.go:535.76,540.16 5 0
startup-platform/internal/handlers/posts.go:540.16,543.3 2 0
startup-platform/internal/handlers/posts.go:545.2,547.43 3 0
startup-platform/internal/handlers/posts.go:547.43,550.3 2 0
startup-platform/internal/handlers/posts.go:552.2,557.4 2 0
startup-platform/internal/handlers/posts.go:560.76,565.16 5 0
startup-platform/internal/handlers/posts.go:565.16,568.3 2 0
startup-platform/internal/handlers/posts.go:570.2,576.43 6 0
startup-platform/internal/handlers/posts.go:576.43,579.3 2 0
startup-platform/internal/handlers/posts.go:581.2,583.20 2 0
startup-platform/internal/handlers/posts.go:583.20,585.3 1 0
startup-platform/internal/handlers/posts.go:587.2,587.74 1 0
startup-platform/internal/handlers/profile.go:11.77,17.48 5 0
startup-platform/internal/handlers/profile.go:17.48,19.3 1 0
startup-platform/internal/handlers/profile.go:19.8,21.17 2 0
startup-platform/internal/handlers/profile.go:21.17,24.4 2 0
startup-platform/internal/handlers/profile.go:27.2,34.16 3 0
startup-platform/internal/handlers/profile.go:34.16,37.3 2 0
startup-platform/internal/handlers/profile.go:39.2,49.21 3 0
startup-platform/internal/handlers/profile.go:49.21,50.23 1 0
startup-platform/internal/handlers/profile.go:50.23,55.4 3 0
startup-platform/internal/handlers/profile.go:56.3,56.19 1 0
startup-platform/internal/handlers/profile.go:59.2,60.39 2 0
startup-platform/internal/handlers/profile.go:60.39,62.25 2 0
startup-platform/internal/handlers/profile.go:62.25,64.33 2 0
startup-platform/internal/handlers/profile.go:64.33,66.5 1 0
startup-platform/internal/handlers/profile.go:70.2,71.39 2 0
startup-platform/internal/handlers/profile.go:71.39,73.3 1 0
startup-platform/internal/handlers/profile.go:75.2,88.43 4 0
startup-platform/internal/handlers/profile.go:91.77,108.2 10 0
startup-platform/internal/handlers/profile.go:110.75,116.38 5 0
startup-platform/internal/handlers/profile.go:116.38,119.3 2 0
startup-platform/internal/handlers/profile.go:121.2,123.12 3 0
startup-platform/internal/handlers/profile.go:123.12,126.3 2 0
startup-platform/internal/handlers/profile.go:128.2,130.27 3 0
startup-platform/internal/handlers/profile.go:130.27,138.3 5 0
startup-platform/internal/handlers/profile.go:138.8,145.3 4 0
startup-platform/internal/handlers/profile.go:147.2,147.74 1 0
startup-platform/internal/handlers/profile.go:150.78,159.2 6 0
startup-platform/internal/handlers/profile.go:161.75,168.25 5 0
startup-platform/internal/handlers/profile.go:168.25,171.3 2 0
startup-platform/internal/handlers/profile.go:173.2,175.74 3 0
startup-platform/internal/handlers/profile.go:178.77,187.2 6 0
startup-platform/internal/handlers/profile.go:189.72,201.28 9 0
startup-platform/internal/handlers/profile.go:201.28,206.3 3 0
startup-platform/internal/handlers/profile.go:208.2,208.74 1 0
startup-platform/internal/handlers/profile.go:211.75,221.23 8 0
startup-platform/internal/handlers/profile.go:221.23,224.3 2 0
startup-platform/internal/handlers/profile.go:226.2,231.74 2 0
startup-platform/internal/handlers/profile.go:234.83,245.17 9 0
startup-platform/internal/handlers/profile.go:245.17,248.3 2 0
startup-platform/internal/handlers/profile.go:250.2,255.74 2 0
startup-platform/internal/handlers/profile.go:258.77,279.2 12 0
startup-platform/internal/handlers/profile.go:281.80,292.17 4 0
startup-platform/internal/handlers/profile.go:292.17,293.19 1 0
startup-platform/internal/handlers/profile.go:293.19,298.4 3 0
startup-platform/internal/handlers/profile.go:299.3,299.15 1 0
startup-platform/internal/handlers/profile.go:302.2,311.41 4 0
startup-platform/internal/handlers/profile.go:314.77,321.42 5 0
startup-platform/internal/handlers/profile.go:321.42,324.3 2 0
startup-platform/internal/handlers/profile.go:326.2,328.12 3 0
startup-platform/internal/handlers/profile.go:328.12,331.3 2 0
startup-platform/internal/handlers/profile.go:333.2,336.74 2 0
startup-platform/internal/handlers/profile.go:339.75,344.43 4 0
startup-platform/internal/handlers/profile.go:344.43,347.3 2 0
startup-platform/internal/handlers/profile.go:349.2,350.23 2 0
startup-platform/internal/handlers/profile.go:350.23,352.3 1 0
startup-platform/internal/handlers/profile.go:352.8,354.3 1 0
startup-platform/internal/handlers/profile.go:356.2,362.74 3 0
