mode: set
startup-platform/internal/config/config.go:12.21,14.16 2 1
startup-platform/internal/config/config.go:14.16,16.3 1 1
startup-platform/internal/config/config.go:18.2,19.17 2 1
startup-platform/internal/config/config.go:19.17,21.3 1 1
startup-platform/internal/config/config.go:23.2,24.21 2 1
startup-platform/internal/config/config.go:24.21,26.3 1 1
startup-platform/internal/config/config.go:28.2,29.21 2 1
startup-platform/internal/config/config.go:29.21,31.3 1 1
startup-platform/internal/config/config.go:33.2,38.3 1 1
startup-platform/internal/database/database.go:12.51,14.16 2 1
startup-platform/internal/database/database.go:14.16,16.3 1 0
startup-platform/internal/database/database.go:18.2,25.44 6 1
startup-platform/internal/database/database.go:25.44,27.3 1 1
startup-platform/internal/database/database.go:29.2,29.16 1 1
startup-platform/internal/database/database.go:32.32,294.28 2 1
startup-platform/internal/database/database.go:294.28,295.39 1 1
startup-platform/internal/database/database.go:295.39,297.4 1 1
startup-platform/internal/database/database.go:300.2,300.12 1 1
startup-platform/internal/handlers/admin.go:12.75,14.21 2 1
startup-platform/internal/handlers/admin.go:14.21,17.3 2 1
startup-platform/internal/handlers/admin.go:19.2,20.15 2 1
startup-platform/internal/handlers/admin.go:20.15,22.3 1 1
startup-platform/internal/handlers/admin.go:24.2,40.21 14 1
startup-platform/internal/handlers/admin.go:40.21,41.23 1 1
startup-platform/internal/handlers/admin.go:41.23,45.4 3 1
startup-platform/internal/handlers/admin.go:46.3,46.19 1 1
startup-platform/internal/handlers/admin.go:49.2,56.26 3 1
startup-platform/internal/handlers/admin.go:56.26,57.28 1 1
startup-platform/internal/handlers/admin.go:57.28,62.24 3 1
startup-platform/internal/handlers/admin.go:63.16,65.64 2 0
startup-platform/internal/handlers/admin.go:66.16,70.34 4 1
startup-platform/internal/handlers/admin.go:71.19,75.34 4 0
startup-platform/internal/handlers/admin.go:78.4,78.38 1 1
startup-platform/internal/handlers/admin.go:80.3,80.24 1 1
startup-platform/internal/handlers/admin.go:83.2,100.23 4 1
startup-platform/internal/handlers/admin.go:100.23,101.25 1 1
startup-platform/internal/handlers/admin.go:101.25,105.4 3 1
startup-platform/internal/handlers/admin.go:106.3,106.21 1 1
startup-platform/internal/handlers/admin.go:109.2,122.21 4 1
startup-platform/internal/handlers/admin.go:122.21,123.23 1 1
startup-platform/internal/handlers/admin.go:123.23,128.4 4 1
startup-platform/internal/handlers/admin.go:129.3,129.19 1 1
startup-platform/internal/handlers/admin.go:132.2,139.20 3 1
startup-platform/internal/handlers/admin.go:139.20,140.22 1 1
startup-platform/internal/handlers/admin.go:140.22,144.4 3 1
startup-platform/internal/handlers/admin.go:145.3,145.18 1 1
startup-platform/internal/handlers/admin.go:148.2,155.20 3 1
startup-platform/internal/handlers/admin.go:155.20,156.22 1 1
startup-platform/internal/handlers/admin.go:156.22,161.4 4 0
startup-platform/internal/handlers/admin.go:162.3,162.18 1 1
startup-platform/internal/handlers/admin.go:165.2,181.41 4 1
startup-platform/internal/handlers/admin.go:184.80,194.2 8 1
startup-platform/internal/handlers/admin.go:196.78,209.30 11 0
startup-platform/internal/handlers/admin.go:209.30,212.3 2 0
startup-platform/internal/handlers/admin.go:214.2,215.37 2 0
startup-platform/internal/handlers/admin.go:215.37,218.3 2 0
startup-platform/internal/handlers/admin.go:220.2,228.74 3 0
startup-platform/internal/handlers/admin.go:231.81,239.26 7 1
startup-platform/internal/handlers/admin.go:239.26,242.3 2 1
startup-platform/internal/handlers/admin.go:244.2,246.74 3 1
startup-platform/internal/handlers/admin.go:249.80,260.2 9 1
startup-platform/internal/handlers/admin.go:262.80,270.26 7 1
startup-platform/internal/handlers/admin.go:270.26,277.3 6 1
startup-platform/internal/handlers/admin.go:277.8,283.3 5 1
startup-platform/internal/handlers/admin.go:285.2,285.74 1 1
startup-platform/internal/handlers/admin.go:288.79,296.2 7 1
startup-platform/internal/handlers/admin.go:298.81,307.2 7 1
startup-platform/internal/handlers/admin.go:309.74,311.16 2 1
startup-platform/internal/handlers/admin.go:311.16,314.3 2 1
startup-platform/internal/handlers/admin.go:316.2,320.40 2 1
startup-platform/internal/handlers/admin.go:323.83,335.17 5 1
startup-platform/internal/handlers/admin.go:335.17,336.19 1 1
startup-platform/internal/handlers/admin.go:336.19,340.4 3 1
startup-platform/internal/handlers/admin.go:341.3,341.15 1 1
startup-platform/internal/handlers/admin.go:344.2,356.49 5 1
startup-platform/internal/handlers/auth.go:11.78,13.2 1 1
startup-platform/internal/handlers/auth.go:15.75,17.2 1 1
startup-platform/internal/handlers/auth.go:19.74,20.38 1 1
startup-platform/internal/handlers/auth.go:20.38,23.3 2 0
startup-platform/internal/handlers/auth.go:25.2,31.53 6 1
startup-platform/internal/handlers/auth.go:31.53,34.3 2 1
startup-platform/internal/handlers/auth.go:36.2,36.23 1 1
startup-platform/internal/handlers/auth.go:36.23,39.3 2 1
startup-platform/internal/handlers/auth.go:41.2,41.68 1 1
startup-platform/internal/handlers/auth.go:41.68,44.3 2 1
startup-platform/internal/handlers/auth.go:46.2,48.16 3 1
startup-platform/internal/handlers/auth.go:48.16,51.3 2 1
startup-platform/internal/handlers/auth.go:52.2,52.12 1 1
startup-platform/internal/handlers/auth.go:52.12,55.3 2 1
startup-platform/internal/handlers/auth.go:57.2,58.16 2 1
startup-platform/internal/handlers/auth.go:58.16,61.3 2 0
startup-platform/internal/handlers/auth.go:62.2,62.12 1 1
startup-platform/internal/handlers/auth.go:62.12,65.3 2 1
startup-platform/internal/handlers/auth.go:67.2,75.16 4 1
startup-platform/internal/handlers/auth.go:75.16,78.3 2 0
startup-platform/internal/handlers/auth.go:80.2,81.16 2 1
startup-platform/internal/handlers/auth.go:81.16,84.3 2 0
startup-platform/internal/handlers/auth.go:86.2,100.4 3 1
startup-platform/internal/handlers/auth.go:103.71,104.38 1 1
startup-platform/internal/handlers/auth.go:104.38,107.3 2 0
startup-platform/internal/handlers/auth.go:109.2,112.35 3 1
startup-platform/internal/handlers/auth.go:112.35,115.3 2 1
startup-platform/internal/handlers/auth.go:117.2,126.16 6 1
startup-platform/internal/handlers/auth.go:126.16,129.3 2 1
startup-platform/internal/handlers/auth.go:131.2,131.15 1 1
startup-platform/internal/handlers/auth.go:131.15,134.3 2 1
startup-platform/internal/handlers/auth.go:136.2,137.16 2 1
startup-platform/internal/handlers/auth.go:137.16,140.3 2 0
startup-platform/internal/handlers/auth.go:142.2,156.4 3 1
startup-platform/internal/handlers/auth.go:159.72,161.16 2 1
startup-platform/internal/handlers/auth.go:161.16,163.3 1 0
startup-platform/internal/handlers/auth.go:164.2,172.47 2 1
startup-platform/internal/handlers/chat.go:13.74,46.16 5 1
startup-platform/internal/handlers/chat.go:46.16,47.19 1 1
startup-platform/internal/handlers/chat.go:47.19,57.4 9 1
startup-platform/internal/handlers/chat.go:58.3,58.15 1 1
startup-platform/internal/handlers/chat.go:61.2,61.18 1 1
startup-platform/internal/handlers/chat.go:61.18,68.18 2 1
startup-platform/internal/handlers/chat.go:68.18,69.21 1 1
startup-platform/internal/handlers/chat.go:69.21,80.5 10 1
startup-platform/internal/handlers/chat.go:81.4,81.17 1 1
startup-platform/internal/handlers/chat.go:85.2,97.40 5 1
startup-platform/internal/handlers/chat.go:100.74,104.16 4 1
startup-platform/internal/handlers/chat.go:104.16,107.3 2 1
startup-platform/internal/handlers/chat.go:109.2,130.16 10 1
startup-platform/internal/handlers/chat.go:130.16,131.19 1 1
startup-platform/internal/handlers/chat.go:131.19,136.4 3 1
startup-platform/internal/handlers/chat.go:137.3,137.15 1 1
startup-platform/internal/handlers/chat.go:140.2,160.45 7 1
startup-platform/internal/handlers/chat.go:163.77,169.16 5 1
startup-platform/internal/handlers/chat.go:169.16,172.3 2 1
startup-platform/internal/handlers/chat.go:174.2,175.19 2 1
startup-platform/internal/handlers/chat.go:175.19,178.3 2 1
startup-platform/internal/handlers/chat.go:180.2,182.13 3 1
startup-platform/internal/handlers/chat.go:182.13,185.3 2 1
startup-platform/internal/handlers/chat.go:187.2,189.17 3 1
startup-platform/internal/handlers/chat.go:189.17,192.3 2 0
startup-platform/internal/handlers/chat.go:194.2,202.48 5 1
startup-platform/internal/handlers/chat.go:202.48,204.46 2 0
startup-platform/internal/handlers/chat.go:204.46,206.4 1 0
startup-platform/internal/handlers/chat.go:209.2,209.18 1 1
startup-platform/internal/handlers/chat.go:209.18,216.3 3 1
startup-platform/internal/handlers/chat.go:218.2,225.4 3 1
startup-platform/internal/handlers/chat.go:228.77,232.16 4 1
startup-platform/internal/handlers/chat.go:232.16,235.3 2 1
startup-platform/internal/handlers/chat.go:237.2,252.16 6 1
startup-platform/internal/handlers/chat.go:252.16,253.19 1 1
startup-platform/internal/handlers/chat.go:253.19,258.4 3 1
startup-platform/internal/handlers/chat.go:259.3,259.15 1 1
startup-platform/internal/handlers/chat.go:262.2,262.21 1 1
startup-platform/internal/handlers/chat.go:262.21,264.3 1 0
startup-platform/internal/handlers/chat.go:266.2,266.43 1 1
startup-platform/internal/handlers/chat.go:269.82,278.16 4 1
startup-platform/internal/handlers/chat.go:278.16,279.19 1 1
startup-platform/internal/handlers/chat.go:279.19,283.4 3 1
startup-platform/internal/handlers/chat.go:284.3,284.15 1 1
startup-platform/internal/handlers/chat.go:287.2,287.26 1 1
startup-platform/internal/handlers/chat.go:287.26,289.3 1 1
startup-platform/internal/handlers/chat.go:291.2,292.34 2 1
startup-platform/internal/handlers/chat.go:292.34,293.16 1 1
startup-platform/internal/handlers/chat.go:293.16,295.4 1 1
startup-platform/internal/handlers/chat.go:297.2,297.113 1 1
startup-platform/internal/handlers/chat.go:300.86,305.16 5 1
startup-platform/internal/handlers/chat.go:305.16,308.3 2 1
startup-platform/internal/handlers/chat.go:310.2,311.74 2 1
startup-platform/internal/handlers/chat.go:314.90,318.2 3 1
startup-platform/internal/handlers/chat.go:320.77,349.2 15 0
startup-platform/internal/handlers/comments.go:9.76,14.16 4 1
startup-platform/internal/handlers/comments.go:14.16,16.57 2 0
startup-platform/internal/handlers/comments.go:16.57,19.4 2 0
startup-platform/internal/handlers/comments.go:22.2,24.16 3 1
startup-platform/internal/handlers/comments.go:24.16,27.3 2 1
startup-platform/internal/handlers/comments.go:29.2,30.19 2 1
startup-platform/internal/handlers/comments.go:30.19,33.3 2 1
startup-platform/internal/handlers/comments.go:35.2,37.17 3 1
startup-platform/internal/handlers/comments.go:37.17,40.3 2 1
startup-platform/internal/handlers/comments.go:42.2,44.23 3 1
startup-platform/internal/handlers/comments.go:44.23,46.17 2 1
startup-platform/internal/handlers/comments.go:46.17,48.4 1 1
startup-platform/internal/handlers/comments.go:51.2,56.16 3 1
startup-platform/internal/handlers/comments.go:56.16,59.3 2 1
startup-platform/internal/handlers/comments.go:61.2,63.28 3 1
startup-platform/internal/handlers/comments.go:63.28,70.3 3 1
startup-platform/internal/handlers/comments.go:72.2,74.99 2 1
startup-platform/internal/handlers/comments.go:77.79,82.16 5 1
startup-platform/internal/handlers/comments.go:82.16,85.3 2 1
startup-platform/internal/handlers/comments.go:87.2,93.69 5 1
startup-platform/internal/handlers/comments.go:93.69,96.3 2 1
startup-platform/internal/handlers/comments.go:98.2,100.74 3 1
startup-platform/internal/handlers/comments.go:103.77,108.16 5 1
startup-platform/internal/handlers/comments.go:108.16,111.3 2 1
startup-platform/internal/handlers/comments.go:113.2,116.12 3 1
startup-platform/internal/handlers/comments.go:116.12,119.3 2 1
startup-platform/internal/handlers/comments.go:119.8,122.3 2 1
startup-platform/internal/handlers/comments.go:124.2,131.4 3 1
startup-platform/internal/handlers/comments.go:134.70,140.16 5 1
startup-platform/internal/handlers/comments.go:140.16,143.3 2 1
startup-platform/internal/handlers/comments.go:145.2,147.43 3 1
startup-platform/internal/handlers/comments.go:147.43,150.3 2 1
startup-platform/internal/handlers/comments.go:152.2,157.16 5 1
startup-platform/internal/handlers/comments.go:157.16,160.3 1 1
startup-platform/internal/handlers/comments.go:160.8,165.3 1 1
startup-platform/internal/handlers/comments.go:167.2,169.28 3 1
startup-platform/internal/handlers/comments.go:169.28,176.3 3 1
startup-platform/internal/handlers/comments.go:178.2,180.74 2 1
startup-platform/internal/handlers/comments.go:183.74,189.16 5 1
startup-platform/internal/handlers/comments.go:189.16,192.3 2 1
startup-platform/internal/handlers/comments.go:194.2,196.16 3 1
startup-platform/internal/handlers/comments.go:196.16,199.3 2 1
startup-platform/internal/handlers/comments.go:201.2,203.12 3 1
startup-platform/internal/handlers/comments.go:203.12,206.3 2 1
startup-platform/internal/handlers/comments.go:208.2,211.74 3 1
startup-platform/internal/handlers/handler.go:29.76,31.42 1 1
startup-platform/internal/handlers/handler.go:31.42,33.4 1 1
startup-platform/internal/handlers/handler.go:34.39,36.11 2 1
startup-platform/internal/handlers/handler.go:37.25,38.33 1 1
startup-platform/internal/handlers/handler.go:39.26,41.39 2 0
startup-platform/internal/handlers/handler.go:42.24,44.35 2 0
startup-platform/internal/handlers/handler.go:45.26,47.38 2 0
startup-platform/internal/handlers/handler.go:48.12,49.34 1 0
startup-platform/internal/handlers/handler.go:52.44,53.27 1 1
startup-platform/internal/handlers/handler.go:53.27,55.5 1 1
startup-platform/internal/handlers/handler.go:56.4,56.40 1 1
startup-platform/internal/handlers/handler.go:58.29,60.4 1 1
startup-platform/internal/handlers/handler.go:61.29,63.4 1 1
startup-platform/internal/handlers/handler.go:64.28,66.21 2 1
startup-platform/internal/handlers/handler.go:66.21,68.5 1 1
startup-platform/internal/handlers/handler.go:69.4,69.12 1 1
startup-platform/internal/handlers/handler.go:71.62,73.42 2 1
startup-platform/internal/handlers/handler.go:73.42,75.11 2 1
startup-platform/internal/handlers/handler.go:75.11,77.6 1 1
startup-platform/internal/handlers/handler.go:79.4,79.12 1 1
startup-platform/internal/handlers/handler.go:81.35,83.4 1 1
startup-platform/internal/handlers/handler.go:84.35,86.4 1 1
startup-platform/internal/handlers/handler.go:87.35,89.4 1 1
startup-platform/internal/handlers/handler.go:90.43,93.4 2 1
startup-platform/internal/handlers/handler.go:94.40,97.4 2 1
startup-platform/internal/handlers/handler.go:98.41,99.15 1 1
startup-platform/internal/handlers/handler.go:99.15,101.5 1 1
startup-platform/internal/handlers/handler.go:102.4,102.32 1 1
startup-platform/internal/handlers/handler.go:104.40,106.4 1 1
startup-platform/internal/handlers/handler.go:107.37,109.4 1 1
startup-platform/internal/handlers/handler.go:110.37,112.4 1 1
startup-platform/internal/handlers/handler.go:113.29,115.4 1 1
startup-platform/internal/handlers/handler.go:116.41,117.19 1 1
startup-platform/internal/handlers/handler.go:117.19,119.5 1 1
startup-platform/internal/handlers/handler.go:120.4,120.24 1 1
startup-platform/internal/handlers/handler.go:120.24,122.5 1 1
startup-platform/internal/handlers/handler.go:123.4,123.62 1 1
startup-platform/internal/handlers/handler.go:125.29,127.4 1 0
startup-platform/internal/handlers/handler.go:128.44,130.4 1 1
startup-platform/internal/handlers/handler.go:131.42,133.33 2 1
startup-platform/internal/handlers/handler.go:133.33,135.5 1 1
startup-platform/internal/handlers/handler.go:136.4,136.12 1 1
startup-platform/internal/handlers/handler.go:138.36,139.27 1 1
startup-platform/internal/handlers/handler.go:140.13,141.15 1 0
startup-platform/internal/handlers/handler.go:142.15,143.20 1 0
startup-platform/internal/handlers/handler.go:144.17,145.20 1 1
startup-platform/internal/handlers/handler.go:146.17,147.20 1 0
startup-platform/internal/handlers/handler.go:148.12,149.13 1 0
startup-platform/internal/handlers/handler.go:152.42,153.27 1 0
startup-platform/internal/handlers/handler.go:154.13,155.24 1 0
startup-platform/internal/handlers/handler.go:156.15,157.24 1 0
startup-platform/internal/handlers/handler.go:158.17,159.15 1 0
startup-platform/internal/handlers/handler.go:160.17,161.24 1 0
startup-platform/internal/handlers/handler.go:162.12,163.13 1 0
startup-platform/internal/handlers/handler.go:166.42,167.14 1 0
startup-platform/internal/handlers/handler.go:167.14,169.5 1 0
startup-platform/internal/handlers/handler.go:170.4,170.16 1 0
startup-platform/internal/handlers/handler.go:172.42,174.4 1 0
startup-platform/internal/handlers/handler.go:177.2,185.3 3 1
startup-platform/internal/handlers/handler.go:188.43,192.2 3 1
startup-platform/internal/handlers/handler.go:194.84,198.2 3 1
startup-platform/internal/handlers/handler.go:200.83,202.2 1 1
startup-platform/internal/handlers/handler.go:204.88,206.70 2 1
startup-platform/internal/handlers/handler.go:206.70,210.3 3 1
startup-platform/internal/handlers/handler.go:211.2,212.16 2 1
startup-platform/internal/handlers/handler.go:215.65,219.2 3 1
startup-platform/internal/handlers/handler.go:221.117,223.55 2 1
startup-platform/internal/handlers/handler.go:223.55,225.3 1 0
startup-platform/internal/handlers/handler.go:226.2,229.3 1 1
startup-platform/internal/handlers/handler.go:232.68,242.16 5 1
startup-platform/internal/handlers/handler.go:242.16,244.3 1 1
startup-platform/internal/handlers/handler.go:245.2,254.13 2 0
startup-platform/internal/handlers/posts.go:16.74,22.14 6 1
startup-platform/internal/handlers/posts.go:22.14,24.3 1 1
startup-platform/internal/handlers/posts.go:25.2,43.45 6 1
startup-platform/internal/handlers/posts.go:43.45,47.3 3 0
startup-platform/internal/handlers/posts.go:47.8,47.56 1 1
startup-platform/internal/handlers/posts.go:47.56,51.3 3 1
startup-platform/internal/handlers/posts.go:53.2,53.18 1 1
startup-platform/internal/handlers/posts.go:53.18,58.3 4 1
startup-platform/internal/handlers/posts.go:60.2,62.64 2 1
startup-platform/internal/handlers/posts.go:62.64,68.3 3 1
startup-platform/internal/handlers/posts.go:68.8,69.15 1 1
startup-platform/internal/handlers/posts.go:70.17,71.59 1 1
startup-platform/internal/handlers/posts.go:72.16,73.61 1 1
startup-platform/internal/handlers/posts.go:74.14,75.41 1 1
startup-platform/internal/handlers/posts.go:76.11,77.60 1 1
startup-platform/internal/handlers/posts.go:81.2,85.16 4 1
startup-platform/internal/handlers/posts.go:85.16,90.3 2 1
startup-platform/internal/handlers/posts.go:91.2,94.18 3 1
startup-platform/internal/handlers/posts.go:94.18,102.17 4 1
startup-platform/internal/handlers/posts.go:102.17,103.12 1 0
startup-platform/internal/handlers/posts.go:105.3,108.17 3 1
startup-platform/internal/handlers/posts.go:108.17,109.24 1 1
startup-platform/internal/handlers/posts.go:109.24,113.5 3 0
startup-platform/internal/handlers/posts.go:114.4,114.20 1 1
startup-platform/internal/handlers/posts.go:117.3,117.27 1 1
startup-platform/internal/handlers/posts.go:120.2,123.20 4 1
startup-platform/internal/handlers/posts.go:123.20,126.3 2 1
startup-platform/internal/handlers/posts.go:127.2,133.16 5 1
startup-platform/internal/handlers/posts.go:133.16,135.3 1 1
startup-platform/internal/handlers/posts.go:137.2,153.40 3 1
startup-platform/internal/handlers/posts.go:156.73,159.14 3 0
startup-platform/internal/handlers/posts.go:159.14,161.3 1 0
startup-platform/internal/handlers/posts.go:162.2,178.45 7 0
startup-platform/internal/handlers/posts.go:178.45,182.3 3 0
startup-platform/internal/handlers/posts.go:182.8,182.56 1 0
startup-platform/internal/handlers/posts.go:182.56,186.3 3 0
startup-platform/internal/handlers/posts.go:188.2,190.34 2 0
startup-platform/internal/handlers/posts.go:190.34,196.3 3 0
startup-platform/internal/handlers/posts.go:196.8,198.3 1 0
startup-platform/internal/handlers/posts.go:200.2,204.16 4 0
startup-platform/internal/handlers/posts.go:204.16,207.3 2 0
startup-platform/internal/handlers/posts.go:208.2,211.18 3 0
startup-platform/internal/handlers/posts.go:211.18,222.19 9 0
startup-platform/internal/handlers/posts.go:222.19,223.21 1 0
startup-platform/internal/handlers/posts.go:223.21,228.5 4 0
startup-platform/internal/handlers/posts.go:229.4,229.17 1 0
startup-platform/internal/handlers/posts.go:232.3,239.5 1 0
startup-platform/internal/handlers/posts.go:242.2,242.18 1 0
startup-platform/internal/handlers/posts.go:242.18,244.3 1 0
startup-platform/internal/handlers/posts.go:246.2,249.4 1 0
startup-platform/internal/handlers/posts.go:252.80,269.2 7 1
startup-platform/internal/handlers/posts.go:271.76,275.16 3 1
startup-platform/internal/handlers/posts.go:275.16,277.54 2 0
startup-platform/internal/handlers/posts.go:277.54,280.4 2 0
startup-platform/internal/handlers/posts.go:283.2,284.42 2 1
startup-platform/internal/handlers/posts.go:284.42,286.3 1 1
startup-platform/internal/handlers/posts.go:287.2,294.38 6 1
startup-platform/internal/handlers/posts.go:294.38,297.3 2 1
startup-platform/internal/handlers/posts.go:299.2,307.16 4 1
startup-platform/internal/handlers/posts.go:307.16,310.3 2 1
startup-platform/internal/handlers/posts.go:312.2,312.68 1 1
startup-platform/internal/handlers/posts.go:312.68,314.36 2 1
startup-platform/internal/handlers/posts.go:314.36,315.33 1 1
startup-platform/internal/handlers/posts.go:315.33,316.13 1 0
startup-platform/internal/handlers/posts.go:319.4,320.18 2 1
startup-platform/internal/handlers/posts.go:320.18,321.13 1 0
startup-platform/internal/handlers/posts.go:324.4,329.18 5 1
startup-platform/internal/handlers/posts.go:329.18,331.13 2 1
startup-platform/internal/handlers/posts.go:334.4,343.5 5 1
startup-platform/internal/handlers/posts.go:347.2,348.24 2 1
startup-platform/internal/handlers/posts.go:348.24,354.17 3 1
startup-platform/internal/handlers/posts.go:354.17,355.29 1 1
startup-platform/internal/handlers/posts.go:355.29,357.22 2 1
startup-platform/internal/handlers/posts.go:357.22,359.6 1 1
startup-platform/internal/handlers/posts.go:364.2,367.48 2 1
startup-platform/internal/handlers/posts.go:367.48,370.3 2 1
startup-platform/internal/handlers/posts.go:372.2,375.4 1 0
startup-platform/internal/handlers/posts.go:378.74,382.16 4 1
startup-platform/internal/handlers/posts.go:382.16,385.3 2 1
startup-platform/internal/handlers/posts.go:387.2,402.16 5 1
startup-platform/internal/handlers/posts.go:402.16,405.3 2 1
startup-platform/internal/handlers/posts.go:406.2,408.36 2 1
startup-platform/internal/handlers/posts.go:408.36,414.3 1 1
startup-platform/internal/handlers/posts.go:416.2,417.21 2 1
startup-platform/internal/handlers/posts.go:417.21,418.23 1 1
startup-platform/internal/handlers/posts.go:418.23,422.4 3 1
startup-platform/internal/handlers/posts.go:423.3,423.19 1 1
startup-platform/internal/handlers/posts.go:426.2,444.24 8 1
startup-platform/internal/handlers/posts.go:444.24,445.26 1 1
startup-platform/internal/handlers/posts.go:445.26,450.18 3 1
startup-platform/internal/handlers/posts.go:450.18,454.5 3 1
startup-platform/internal/handlers/posts.go:456.4,456.40 1 1
startup-platform/internal/handlers/posts.go:458.3,458.22 1 1
startup-platform/internal/handlers/posts.go:461.2,463.29 3 1
startup-platform/internal/handlers/posts.go:463.29,465.3 1 1
startup-platform/internal/handlers/posts.go:466.2,466.29 1 1
startup-platform/internal/handlers/posts.go:466.29,467.37 1 1
startup-platform/internal/handlers/posts.go:467.37,469.4 1 1
startup-platform/internal/handlers/posts.go:469.9,471.10 2 1
startup-platform/internal/handlers/posts.go:471.10,473.5 1 1
startup-platform/internal/handlers/posts.go:477.2,478.16 2 1
startup-platform/internal/handlers/posts.go:478.16,484.17 3 1
startup-platform/internal/handlers/posts.go:484.17,486.4 1 1
startup-platform/internal/handlers/posts.go:489.2,496.23 3 1
startup-platform/internal/handlers/posts.go:496.23,497.25 1 1
startup-platform/internal/handlers/posts.go:497.25,514.4 7 1
startup-platform/internal/handlers/posts.go:515.3,515.21 1 1
startup-platform/internal/handlers/posts.go:518.2,521.16 4 1
startup-platform/internal/handlers/posts.go:521.16,523.21 2 1
startup-platform/internal/handlers/posts.go:523.21,524.23 1 1
startup-platform/internal/handlers/posts.go:524.23,528.5 3 1
startup-platform/internal/handlers/posts.go:529.4,529.19 1 1
startup-platform/internal/handlers/posts.go:531.3,531.17 1 1
startup-platform/internal/handlers/posts.go:531.17,535.4 3 1
startup-platform/internal/handlers/posts.go:536.3,536.18 1 1
startup-platform/internal/handlers/posts.go:539.2,544.21 3 1
startup-platform/internal/handlers/posts.go:544.21,545.23 1 1
startup-platform/internal/handlers/posts.go:545.23,549.4 3 1
startup-platform/internal/handlers/posts.go:550.3,550.19 1 1
startup-platform/internal/handlers/posts.go:553.2,554.16 2 1
startup-platform/internal/handlers/posts.go:554.16,556.3 1 1
startup-platform/internal/handlers/posts.go:558.2,566.16 5 1
startup-platform/internal/handlers/posts.go:566.16,571.19 2 1
startup-platform/internal/handlers/posts.go:571.19,572.21 1 1
startup-platform/internal/handlers/posts.go:572.21,576.5 3 0
startup-platform/internal/handlers/posts.go:577.4,577.17 1 1
startup-platform/internal/handlers/posts.go:581.2,599.40 3 1
startup-platform/internal/handlers/posts.go:602.78,608.16 5 1
startup-platform/internal/handlers/posts.go:608.16,611.3 2 1
startup-platform/internal/handlers/posts.go:613.2,618.16 3 1
startup-platform/internal/handlers/posts.go:618.16,621.3 2 1
startup-platform/internal/handlers/posts.go:623.2,623.45 1 1
startup-platform/internal/handlers/posts.go:623.45,626.3 2 1
startup-platform/internal/handlers/posts.go:628.2,629.21 2 1
startup-platform/internal/handlers/posts.go:629.21,630.23 1 1
startup-platform/internal/handlers/posts.go:630.23,634.4 3 0
startup-platform/internal/handlers/posts.go:635.3,635.19 1 1
startup-platform/internal/handlers/posts.go:638.2,650.45 5 1
startup-platform/internal/handlers/posts.go:653.76,658.16 5 1
startup-platform/internal/handlers/posts.go:658.16,661.3 2 1
startup-platform/internal/handlers/posts.go:663.2,665.43 3 1
startup-platform/internal/handlers/posts.go:665.43,668.3 2 1
startup-platform/internal/handlers/posts.go:670.2,671.42 2 1
startup-platform/internal/handlers/posts.go:671.42,673.3 1 0
startup-platform/internal/handlers/posts.go:674.2,682.38 7 1
startup-platform/internal/handlers/posts.go:682.38,685.3 2 1
startup-platform/internal/handlers/posts.go:687.2,692.68 2 1
startup-platform/internal/handlers/posts.go:692.68,694.36 2 1
startup-platform/internal/handlers/posts.go:694.36,695.33 1 1
startup-platform/internal/handlers/posts.go:695.33,696.13 1 0
startup-platform/internal/handlers/posts.go:698.4,699.18 2 1
startup-platform/internal/handlers/posts.go:699.18,700.13 1 0
startup-platform/internal/handlers/posts.go:702.4,706.18 5 1
startup-platform/internal/handlers/posts.go:706.18,708.13 2 1
startup-platform/internal/handlers/posts.go:710.4,717.5 5 1
startup-platform/internal/handlers/posts.go:721.2,723.76 2 1
startup-platform/internal/handlers/posts.go:723.76,726.3 2 1
startup-platform/internal/handlers/posts.go:727.2,730.4 1 0
startup-platform/internal/handlers/posts.go:733.76,738.16 5 1
startup-platform/internal/handlers/posts.go:738.16,741.3 2 1
startup-platform/internal/handlers/posts.go:743.2,745.43 3 1
startup-platform/internal/handlers/posts.go:745.43,748.3 2 1
startup-platform/internal/handlers/posts.go:750.2,756.4 3 1
startup-platform/internal/handlers/posts.go:759.76,764.16 5 1
startup-platform/internal/handlers/posts.go:764.16,767.3 2 1
startup-platform/internal/handlers/posts.go:769.2,775.43 6 1
startup-platform/internal/handlers/posts.go:775.43,778.3 2 1
startup-platform/internal/handlers/posts.go:780.2,782.20 2 1
startup-platform/internal/handlers/posts.go:782.20,784.3 1 1
startup-platform/internal/handlers/posts.go:786.2,786.74 1 1
startup-platform/internal/handlers/profile.go:12.77,18.48 5 1
startup-platform/internal/handlers/profile.go:18.48,20.3 1 1
startup-platform/internal/handlers/profile.go:20.8,22.17 2 1
startup-platform/internal/handlers/profile.go:22.17,25.4 2 1
startup-platform/internal/handlers/profile.go:28.2,29.39 2 1
startup-platform/internal/handlers/profile.go:29.39,31.3 1 1
startup-platform/internal/handlers/profile.go:33.2,33.19 1 1
startup-platform/internal/handlers/profile.go:33.19,46.3 6 1
startup-platform/internal/handlers/profile.go:48.2,55.16 3 1
startup-platform/internal/handlers/profile.go:55.16,58.3 2 1
startup-platform/internal/handlers/profile.go:60.2,70.21 3 1
startup-platform/internal/handlers/profile.go:70.21,71.23 1 1
startup-platform/internal/handlers/profile.go:71.23,77.20 4 1
startup-platform/internal/handlers/profile.go:77.20,78.22 1 1
startup-platform/internal/handlers/profile.go:78.22,82.6 3 0
startup-platform/internal/handlers/profile.go:83.5,83.18 1 1
startup-platform/internal/handlers/profile.go:86.4,86.36 1 1
startup-platform/internal/handlers/profile.go:88.3,88.19 1 1
startup-platform/internal/handlers/profile.go:91.2,92.39 2 1
startup-platform/internal/handlers/profile.go:92.39,94.3 1 1
startup-platform/internal/handlers/profile.go:96.2,101.39 5 1
startup-platform/internal/handlers/profile.go:101.39,103.3 1 1
startup-platform/internal/handlers/profile.go:105.2,112.24 3 1
startup-platform/internal/handlers/profile.go:112.24,113.26 1 1
startup-platform/internal/handlers/profile.go:113.26,117.4 3 0
startup-platform/internal/handlers/profile.go:118.3,118.22 1 1
startup-platform/internal/handlers/profile.go:121.2,141.43 5 1
startup-platform/internal/handlers/profile.go:144.78,165.24 7 0
startup-platform/internal/handlers/profile.go:165.24,166.26 1 0
startup-platform/internal/handlers/profile.go:166.26,171.4 4 0
startup-platform/internal/handlers/profile.go:172.3,172.22 1 0
startup-platform/internal/handlers/profile.go:175.2,187.22 4 0
startup-platform/internal/handlers/profile.go:187.22,188.24 1 0
startup-platform/internal/handlers/profile.go:188.24,193.4 4 0
startup-platform/internal/handlers/profile.go:194.3,194.20 1 0
startup-platform/internal/handlers/profile.go:197.2,203.26 3 0
startup-platform/internal/handlers/profile.go:203.26,204.28 1 0
startup-platform/internal/handlers/profile.go:204.28,209.4 4 0
startup-platform/internal/handlers/profile.go:210.3,210.24 1 0
startup-platform/internal/handlers/profile.go:213.2,225.44 3 0
startup-platform/internal/handlers/profile.go:228.77,247.2 11 1
startup-platform/internal/handlers/profile.go:249.72,255.38 5 0
startup-platform/internal/handlers/profile.go:255.38,258.3 2 0
startup-platform/internal/handlers/profile.go:260.2,269.74 6 0
startup-platform/internal/handlers/profile.go:272.74,282.2 7 0
startup-platform/internal/handlers/profile.go:284.79,301.17 6 0
startup-platform/internal/handlers/profile.go:301.17,302.19 1 0
startup-platform/internal/handlers/profile.go:302.19,306.4 3 0
startup-platform/internal/handlers/profile.go:307.3,307.15 1 0
startup-platform/internal/handlers/profile.go:309.2,309.18 1 0
startup-platform/internal/handlers/profile.go:309.18,311.3 1 0
startup-platform/internal/handlers/profile.go:313.2,313.40 1 0
startup-platform/internal/handlers/profile.go:316.79,333.17 6 0
startup-platform/internal/handlers/profile.go:333.17,334.19 1 0
startup-platform/internal/handlers/profile.go:334.19,338.4 3 0
startup-platform/internal/handlers/profile.go:339.3,339.15 1 0
startup-platform/internal/handlers/profile.go:341.2,341.18 1 0
startup-platform/internal/handlers/profile.go:341.18,343.3 1 0
startup-platform/internal/handlers/profile.go:345.2,345.40 1 0
startup-platform/internal/handlers/profile.go:348.75,354.38 5 1
startup-platform/internal/handlers/profile.go:354.38,357.3 2 1
startup-platform/internal/handlers/profile.go:359.2,361.12 3 1
startup-platform/internal/handlers/profile.go:361.12,364.3 2 1
startup-platform/internal/handlers/profile.go:366.2,368.27 3 1
startup-platform/internal/handlers/profile.go:368.27,376.3 5 1
startup-platform/internal/handlers/profile.go:376.8,383.3 4 1
startup-platform/internal/handlers/profile.go:385.2,385.74 1 1
startup-platform/internal/handlers/profile.go:388.78,397.2 6 1
startup-platform/internal/handlers/profile.go:399.75,406.25 5 1
startup-platform/internal/handlers/profile.go:406.25,409.3 2 1
startup-platform/internal/handlers/profile.go:411.2,415.74 5 1
startup-platform/internal/handlers/profile.go:418.77,428.2 7 1
startup-platform/internal/handlers/profile.go:430.72,442.28 9 1
startup-platform/internal/handlers/profile.go:442.28,447.3 3 1
startup-platform/internal/handlers/profile.go:449.2,449.74 1 1
startup-platform/internal/handlers/profile.go:452.75,462.23 8 1
startup-platform/internal/handlers/profile.go:462.23,465.3 2 1
startup-platform/internal/handlers/profile.go:467.2,474.74 3 1
startup-platform/internal/handlers/profile.go:477.83,488.17 9 1
startup-platform/internal/handlers/profile.go:488.17,491.3 2 1
startup-platform/internal/handlers/profile.go:493.2,498.74 2 1
startup-platform/internal/handlers/profile.go:501.77,522.2 12 1
startup-platform/internal/handlers/profile.go:524.80,535.17 4 1
startup-platform/internal/handlers/profile.go:535.17,536.19 1 1
startup-platform/internal/handlers/profile.go:536.19,541.4 3 1
startup-platform/internal/handlers/profile.go:542.3,542.15 1 1
startup-platform/internal/handlers/profile.go:545.2,557.41 5 1
startup-platform/internal/handlers/profile.go:560.77,567.42 5 1
startup-platform/internal/handlers/profile.go:567.42,570.3 2 1
startup-platform/internal/handlers/profile.go:572.2,574.12 3 1
startup-platform/internal/handlers/profile.go:574.12,577.3 2 1
startup-platform/internal/handlers/profile.go:579.2,584.74 3 1
startup-platform/internal/handlers/profile.go:587.77,590.16 3 0
startup-platform/internal/handlers/profile.go:590.16,592.3 1 0
startup-platform/internal/handlers/profile.go:593.2,599.43 2 0
startup-platform/internal/handlers/profile.go:602.75,607.43 4 1
startup-platform/internal/handlers/profile.go:607.43,610.3 2 1
startup-platform/internal/handlers/profile.go:612.2,613.23 2 1
startup-platform/internal/handlers/profile.go:613.23,615.3 1 1
startup-platform/internal/handlers/profile.go:615.8,617.3 1 1
startup-platform/internal/handlers/profile.go:619.2,627.74 4 1
startup-platform/internal/handlers/profile.go:630.79,637.17 5 0
startup-platform/internal/handlers/profile.go:637.17,640.3 2 0
startup-platform/internal/handlers/profile.go:642.2,650.99 4 0
startup-platform/internal/handlers/profile.go:653.79,662.23 7 0
startup-platform/internal/handlers/profile.go:662.23,665.3 2 0
startup-platform/internal/handlers/profile.go:667.2,668.74 2 0
startup-platform/internal/handlers/profile.go:671.82,682.23 9 0
startup-platform/internal/handlers/profile.go:682.23,685.3 2 0
startup-platform/internal/handlers/profile.go:687.2,688.74 2 0
startup-platform/internal/handlers/profile.go:691.87,702.23 9 0
startup-platform/internal/handlers/profile.go:702.23,705.3 2 0
startup-platform/internal/handlers/profile.go:707.2,708.74 2 0
startup-platform/internal/handlers/profile.go:711.77,715.16 4 0
startup-platform/internal/handlers/profile.go:715.16,718.3 2 0
startup-platform/internal/handlers/profile.go:720.2,727.16 4 0
startup-platform/internal/handlers/profile.go:727.16,730.3 2 0
startup-platform/internal/handlers/profile.go:732.2,747.21 3 0
startup-platform/internal/handlers/profile.go:747.21,748.23 1 0
startup-platform/internal/handlers/profile.go:748.23,754.20 4 0
startup-platform/internal/handlers/profile.go:754.20,755.22 1 0
startup-platform/internal/handlers/profile.go:755.22,759.6 3 0
startup-platform/internal/handlers/profile.go:760.5,760.18 1 0
startup-platform/internal/handlers/profile.go:763.4,763.28 1 0
startup-platform/internal/handlers/profile.go:765.3,765.19 1 0
startup-platform/internal/handlers/profile.go:768.2,780.43 4 0
startup-platform/internal/handlers/profile.go:783.78,786.42 2 0
startup-platform/internal/handlers/profile.go:786.42,789.3 2 0
startup-platform/internal/handlers/profile.go:791.2,820.25 16 0
startup-platform/internal/handlers/profile.go:820.25,821.27 1 0
startup-platform/internal/handlers/profile.go:821.27,825.4 3 0
startup-platform/internal/handlers/profile.go:826.3,826.23 1 0
startup-platform/internal/handlers/profile.go:829.2,852.49 8 0
startup-platform/internal/handlers/profile.go:855.84,857.22 2 0
startup-platform/internal/handlers/profile.go:857.22,860.3 2 0
startup-platform/internal/handlers/profile.go:861.2,883.74 15 0
startup-platform/internal/middleware/auth.go:28.74,37.16 4 1
startup-platform/internal/middleware/auth.go:37.16,39.3 1 0
startup-platform/internal/middleware/auth.go:40.2,46.54 5 1
startup-platform/internal/middleware/auth.go:49.70,51.21 2 1
startup-platform/internal/middleware/auth.go:51.21,53.3 1 1
startup-platform/internal/middleware/auth.go:55.2,59.56 4 1
startup-platform/internal/middleware/auth.go:59.56,61.3 1 1
startup-platform/internal/middleware/auth.go:63.2,64.16 2 1
startup-platform/internal/middleware/auth.go:64.16,66.3 1 1
startup-platform/internal/middleware/auth.go:68.2,69.60 2 1
startup-platform/internal/middleware/auth.go:69.60,71.3 1 1
startup-platform/internal/middleware/auth.go:73.2,73.36 1 1
startup-platform/internal/middleware/auth.go:73.36,75.3 1 1
startup-platform/internal/middleware/auth.go:77.2,77.21 1 1
startup-platform/internal/middleware/auth.go:80.80,81.46 1 1
startup-platform/internal/middleware/auth.go:81.46,82.72 1 1
startup-platform/internal/middleware/auth.go:82.72,84.18 2 1
startup-platform/internal/middleware/auth.go:84.18,87.5 2 1
startup-platform/internal/middleware/auth.go:89.4,90.18 2 1
startup-platform/internal/middleware/auth.go:90.18,93.5 2 1
startup-platform/internal/middleware/auth.go:95.4,98.31 4 1
startup-platform/internal/middleware/auth.go:98.31,101.5 2 1
startup-platform/internal/middleware/auth.go:103.4,105.41 3 1
startup-platform/internal/middleware/auth.go:110.83,111.46 1 1
startup-platform/internal/middleware/auth.go:111.46,112.72 1 1
startup-platform/internal/middleware/auth.go:112.72,114.18 2 1
startup-platform/internal/middleware/auth.go:114.18,117.5 2 1
startup-platform/internal/middleware/auth.go:119.4,120.18 2 1
startup-platform/internal/middleware/auth.go:120.18,123.5 2 1
startup-platform/internal/middleware/auth.go:125.4,128.31 4 1
startup-platform/internal/middleware/auth.go:128.31,131.5 2 1
startup-platform/internal/middleware/auth.go:133.4,135.41 3 1
startup-platform/internal/middleware/auth.go:140.54,141.71 1 1
startup-platform/internal/middleware/auth.go:141.71,143.22 2 1
startup-platform/internal/middleware/auth.go:143.22,146.4 2 1
startup-platform/internal/middleware/auth.go:147.3,147.23 1 1
startup-platform/internal/middleware/auth.go:151.88,152.46 1 1
startup-platform/internal/middleware/auth.go:152.46,153.72 1 1
startup-platform/internal/middleware/auth.go:153.72,155.18 2 1
startup-platform/internal/middleware/auth.go:155.18,158.5 2 1
startup-platform/internal/middleware/auth.go:160.4,161.18 2 1
startup-platform/internal/middleware/auth.go:161.18,164.5 2 1
startup-platform/internal/middleware/auth.go:166.4,169.31 4 1
startup-platform/internal/middleware/auth.go:169.31,172.5 2 1
startup-platform/internal/middleware/auth.go:174.4,176.41 3 1
startup-platform/internal/middleware/auth.go:181.37,183.16 2 1
startup-platform/internal/middleware/auth.go:183.16,185.3 1 1
startup-platform/internal/middleware/auth.go:186.2,186.18 1 1
startup-platform/internal/middleware/auth.go:189.42,191.16 2 1
startup-platform/internal/middleware/auth.go:191.16,193.3 1 1
startup-platform/internal/middleware/auth.go:194.2,194.21 1 1
